#
# There is insufficient memory for the Java Runtime Environment to continue.
# Native memory allocation (mmap) failed to map 100663296 bytes for Failed to commit area from 0x00000000a0000000 to 0x00000000a6000000 of length 100663296.
# Possible reasons:
#   The system is out of physical RAM or swap space
#   The process is running with CompressedOops enabled, and the Java Heap may be blocking the growth of the native heap
# Possible solutions:
#   Reduce memory load on the system
#   Increase physical memory or swap space
#   Check if swap backing store is full
#   Decrease Java heap size (-Xmx/-Xms)
#   Decrease number of Java threads
#   Decrease Java thread stack sizes (-Xss)
#   Set larger code cache with -XX:ReservedCodeCacheSize=
# This output file may be truncated or incomplete.
#
#  Out of Memory Error (./src/hotspot/os/windows/os_windows.cpp:3303), pid=7176, tid=5080
#
# JRE version:  (11.0.8+10) (build )
# Java VM: OpenJDK 64-Bit Server VM (11.0.8+10-b944.34, mixed mode, sharing, tiered, compressed oops, g1 gc, windows-amd64)
# No core dump will be written. Minidumps are not enabled by default on client versions of Windows
#

---------------  S U M M A R Y ------------

Command Line: org.jetbrains.git4idea.http.GitAskPassApp Username for 'https://gitlab.com': 

Host: Intel(R) Core(TM) i5-7500 CPU @ 3.40GHz, 2 cores, 5G,  Windows 10 , 64 bit Build 19041 (10.0.19041.207)
Time: Thu Nov 26 15:30:21 2020 E. South America Standard Time elapsed time: 0 seconds (0d 0h 0m 0s)

---------------  T H R E A D  ---------------

Current thread (0x000002597d8f9000):  JavaThread "Unknown thread" [_thread_in_vm, id=5080, stack(0x000000a8f6700000,0x000000a8f6800000)]

Stack: [0x000000a8f6700000,0x000000a8f6800000]
Native frames: (J=compiled Java code, j=interpreted, Vv=VM code, C=native code)
V  [jvm.dll+0x5de35a]
V  [jvm.dll+0x712355]
V  [jvm.dll+0x7138ad]
V  [jvm.dll+0x713f63]
V  [jvm.dll+0x23e628]
V  [jvm.dll+0x5db804]
V  [jvm.dll+0x5d0925]
V  [jvm.dll+0x2faf9b]
V  [jvm.dll+0x2faf0a]
V  [jvm.dll+0x2fade2]
V  [jvm.dll+0x2ffcb6]
V  [jvm.dll+0x3483a3]
V  [jvm.dll+0x348aa6]
V  [jvm.dll+0x3484a3]
V  [jvm.dll+0x2d5be8]
V  [jvm.dll+0x2d6d87]
V  [jvm.dll+0x6f10e7]
V  [jvm.dll+0x6f28dc]
V  [jvm.dll+0x3558f9]
V  [jvm.dll+0x6d492e]
V  [jvm.dll+0x3bdad3]
V  [jvm.dll+0x3bfd01]
C  [jli.dll+0x5373]
C  [ucrtbase.dll+0x21542]
C  [KERNEL32.DLL+0x16fd4]
C  [ntdll.dll+0x4cec1]


---------------  P R O C E S S  ---------------

Threads class SMR info:
_java_thread_list=0x000002597bff0d00, length=0, elements={
}

Java Threads: ( => current thread )

Other Threads:
  0x000002597d910800 GCTaskThread "GC Thread#0" [stack: 0x000000a8f6900000,0x000000a8f6a00000] [id=11692]
  0x000002597d936000 ConcurrentGCThread "G1 Main Marker" [stack: 0x000000a8f6a00000,0x000000a8f6b00000] [id=836]
  0x000002597d937800 ConcurrentGCThread "G1 Conc#0" [stack: 0x000000a8f6b00000,0x000000a8f6c00000] [id=824]

[error occurred during error reporting (printing all threads), id 0xc0000005, EXCEPTION_ACCESS_VIOLATION (0xc0000005) at pc=0x00007ffb87b460c7]

VM state:not at safepoint (not fully initialized)

VM Mutex/Monitor currently owned by a thread:  ([mutex/lock_event])
[0x000002597d8f6d70] Heap_lock - owner thread: 0x000002597d8f9000

Heap address: 0x00000000a0000000, size: 1536 MB, Compressed Oops mode: Non-zero based: 0x00000000a0000000
Narrow klass base: 0x0000000000000000, Narrow klass shift: 0

GC Heap History (0 events):
No events

Deoptimization events (0 events):
No events

Classes redefined (0 events):
No events

Internal exceptions (0 events):
No events

Events (1 events):
Event: 0.016 Loaded shared library C:\Program Files\JetBrains\PyCharm Community Edition 2020.2.3\jbr\bin\zip.dll


Dynamic libraries:
0x00007ff7371c0000 - 0x00007ff7371ca000 	C:\Program Files\JetBrains\PyCharm Community Edition 2020.2.3\jbr\bin\java.exe
0x00007ffbcf590000 - 0x00007ffbcf784000 	C:\Windows\SYSTEM32\ntdll.dll
0x00007ffbcf360000 - 0x00007ffbcf41d000 	C:\Windows\System32\KERNEL32.DLL
0x00007ffbcd160000 - 0x00007ffbcd427000 	C:\Windows\System32\KERNELBASE.dll
0x00007ffbcd030000 - 0x00007ffbcd130000 	C:\Windows\System32\ucrtbase.dll
0x00007ffbc0680000 - 0x00007ffbc0699000 	C:\Program Files\JetBrains\PyCharm Community Edition 2020.2.3\jbr\bin\jli.dll
0x00007ffbcef60000 - 0x00007ffbcf100000 	C:\Windows\System32\USER32.dll
0x00007ffbcd4e0000 - 0x00007ffbcd502000 	C:\Windows\System32\win32u.dll
0x00007ffbcdf80000 - 0x00007ffbcdfaa000 	C:\Windows\System32\GDI32.dll
0x00007ffbccf20000 - 0x00007ffbcd029000 	C:\Windows\System32\gdi32full.dll
0x00007ffbcd510000 - 0x00007ffbcd5ad000 	C:\Windows\System32\msvcp_win.dll
0x00007ffba7720000 - 0x00007ffba7737000 	C:\Program Files\JetBrains\PyCharm Community Edition 2020.2.3\jbr\bin\VCRUNTIME140.dll
0x00007ffbc0dc0000 - 0x00007ffbc105a000 	C:\Windows\WinSxS\amd64_microsoft.windows.common-controls_6595b64144ccf1df_6.0.19041.1_none_b555e41d4684ddec\COMCTL32.dll
0x00007ffbcdee0000 - 0x00007ffbcdf7e000 	C:\Windows\System32\msvcrt.dll
0x00007ffbcda70000 - 0x00007ffbcdaa0000 	C:\Windows\System32\IMM32.DLL
0x00007ffb91cc0000 - 0x00007ffb91d5d000 	C:\Program Files\JetBrains\PyCharm Community Edition 2020.2.3\jbr\bin\msvcp140.dll
0x00007ffb87860000 - 0x00007ffb8831d000 	C:\Program Files\JetBrains\PyCharm Community Edition 2020.2.3\jbr\bin\server\jvm.dll
0x00007ffbcdaa0000 - 0x00007ffbcdb4a000 	C:\Windows\System32\ADVAPI32.dll
0x00007ffbcdc90000 - 0x00007ffbcdd2b000 	C:\Windows\System32\sechost.dll
0x00007ffbcf420000 - 0x00007ffbcf543000 	C:\Windows\System32\RPCRT4.dll
0x00007ffbcde00000 - 0x00007ffbcde08000 	C:\Windows\System32\PSAPI.DLL
0x00007ffbc1120000 - 0x00007ffbc1129000 	C:\Windows\SYSTEM32\WSOCK32.dll
0x00007ffbcde10000 - 0x00007ffbcde7b000 	C:\Windows\System32\WS2_32.dll
0x00007ffbc7cc0000 - 0x00007ffbc7ce7000 	C:\Windows\SYSTEM32\WINMM.dll
0x00007ffbc2890000 - 0x00007ffbc289a000 	C:\Windows\SYSTEM32\VERSION.dll
0x00007ffbcac90000 - 0x00007ffbcaca3000 	C:\Windows\SYSTEM32\kernel.appcore.dll
0x00007ffbc8b50000 - 0x00007ffbc8b61000 	C:\Program Files\JetBrains\PyCharm Community Edition 2020.2.3\jbr\bin\verify.dll
0x00007ffbc7ab0000 - 0x00007ffbc7c94000 	C:\Windows\SYSTEM32\DBGHELP.DLL
0x00007ffbc7a80000 - 0x00007ffbc7aac000 	C:\Windows\SYSTEM32\dbgcore.DLL
0x00007ffbccce0000 - 0x00007ffbccd5f000 	C:\Windows\System32\bcryptPrimitives.dll
0x00007ffbc8b20000 - 0x00007ffbc8b49000 	C:\Program Files\JetBrains\PyCharm Community Edition 2020.2.3\jbr\bin\java.dll
0x00007ffbc5760000 - 0x00007ffbc576b000 	C:\Program Files\JetBrains\PyCharm Community Edition 2020.2.3\jbr\bin\jimage.dll
0x00007ffbc5740000 - 0x00007ffbc5758000 	C:\Program Files\JetBrains\PyCharm Community Edition 2020.2.3\jbr\bin\zip.dll

dbghelp: loaded successfully - version: 4.0.5 - missing functions: none
symbol engine: initialized successfully - sym options: 0x614 - pdb path: .;C:\Program Files\JetBrains\PyCharm Community Edition 2020.2.3\jbr\bin;C:\Windows\SYSTEM32;C:\Windows\WinSxS\amd64_microsoft.windows.common-controls_6595b64144ccf1df_6.0.19041.1_none_b555e41d4684ddec;C:\Program Files\JetBrains\PyCharm Community Edition 2020.2.3\jbr\bin\server

VM Arguments:
java_command: org.jetbrains.git4idea.http.GitAskPassApp Username for 'https://gitlab.com': 
java_class_path (initial): C:/Program Files/JetBrains/PyCharm Community Edition 2020.2.3/plugins/git4idea/lib/git4idea-rt.jar;C:/Program Files/JetBrains/PyCharm Community Edition 2020.2.3/lib/xmlrpc-2.0.1.jar;C:/Program Files/JetBrains/PyCharm Community Edition 2020.2.3/lib/commons-codec-1.14.jar
Launcher Type: SUN_STANDARD

[Global flags]
     intx CICompilerCount                          = 2                                         {product} {ergonomic}
     uint ConcGCThreads                            = 1                                         {product} {ergonomic}
     uint G1ConcRefinementThreads                  = 2                                         {product} {ergonomic}
   size_t G1HeapRegionSize                         = 1048576                                   {product} {ergonomic}
    uintx GCDrainStackTargetSize                   = 64                                        {product} {ergonomic}
   size_t InitialHeapSize                          = 100663296                                 {product} {ergonomic}
   size_t MarkStackSize                            = 4194304                                   {product} {ergonomic}
   size_t MaxHeapSize                              = 1610612736                                {product} {ergonomic}
   size_t MinHeapDeltaBytes                        = 1048576                                   {product} {ergonomic}
    uintx NonNMethodCodeHeapSize                   = 5825164                                {pd product} {ergonomic}
    uintx NonProfiledCodeHeapSize                  = 122916538                              {pd product} {ergonomic}
    uintx ProfiledCodeHeapSize                     = 122916538                              {pd product} {ergonomic}
    uintx ReservedCodeCacheSize                    = 251658240                              {pd product} {ergonomic}
     bool SegmentedCodeCache                       = true                                      {product} {ergonomic}
     bool UseCompressedClassPointers               = true                                 {lp64_product} {ergonomic}
     bool UseCompressedOops                        = true                                 {lp64_product} {ergonomic}
     bool UseG1GC                                  = true                                      {product} {ergonomic}
     bool UseLargePagesIndividualAllocation        = false                                  {pd product} {ergonomic}

Logging:
Log output configuration:
 #0: stdout all=warning uptime,level,tags
 #1: stderr all=off uptime,level,tags

Environment Variables:
PATH=C:\Program Files\Git\mingw64\libexec\git-core;C:\Program Files\Git\mingw64\libexec\git-core;C:\Program Files\Git\mingw64\bin;C:\Program Files\Git\usr\bin;C:\Users\DEV_SUPER\bin;C:\Program Files\Python39\Scripts;C:\Program Files\Python39;C:\Windows\system32;C:\Windows;C:\Windows\System32\Wbem;C:\Windows\System32\WindowsPowerShell\v1.0;C:\Windows\System32\OpenSSH;C:\Program Files (x86)\Microsoft SQL Server\150\Tools\Binn;C:\Program Files\Microsoft SQL Server\150\Tools\Binn;C:\Program Files (x86)\Microsoft SQL Server\150\DTS\Binn;C:\Program Files\Microsoft SQL Server\150\DTS\Binn;C:\Program Files\Microsoft SQL Server\Client SDK\ODBC\170\Tools\Binn;C:\Program Files\Azure Data Studio\bin;C:\Program Files\Git\cmd;C:\Users\DEV_SUPER\AppData\Local\Microsoft\WindowsApps;C:\Program Files\Azure Data Studio\bin;C:\Program Files\JetBrains\PyCharm Community Edition 2020.2.3\bin
USERNAME=DEV_SUPER
DISPLAY=:0.0
LC_ALL=en_US.UTF-8
OS=Windows_NT
PROCESSOR_IDENTIFIER=Intel64 Family 6 Model 158 Stepping 9, GenuineIntel



---------------  S Y S T E M  ---------------

OS: Windows 10 , 64 bit Build 19041 (10.0.19041.207)
OS uptime: 7 days 1:07 hours
VMWare virtualization detected

CPU:total 2 (initial active 2) (1 cores per cpu, 1 threads per core) family 6 model 158 stepping 9, cmov, cx8, fxsr, mmx, sse, sse2, sse3, ssse3, sse4.1, sse4.2, popcnt, avx, avx2, aes, clmul, erms, 3dnowpref, lzcnt, tsc, tscinvbit, bmi1, bmi2, adx, fma

Memory: 4k page, system-wide physical 6142M (1117M free)
TotalPageFile size 8043M (AvailPageFile size 11M)
current process WorkingSet (physical memory assigned to process): 9M, peak: 9M
current process commit charge ("private bytes"): 47M, peak: 143M

vm_info: OpenJDK 64-Bit Server VM (11.0.8+10-b944.34) for windows-amd64 JRE (11.0.8+10-b944.34), built on Sep 11 2020 15:32:11 by "" with MS VC++ 14.0 (VS2015)

END.
