<<<<<<< HEAD
2020-11-20 10:43:12,305 [MainThread  ] [INFO ]  Simulador iniciado. Iniciando Threads
2020-11-20 10:43:12,306 [Thread-1    ] [INFO ]  Thread comportamento_clp iniciada
2020-11-20 10:43:12,306 [Thread-2    ] [INFO ]  Thread comportamento_reservatÛrio iniciada
2020-11-20 10:43:12,306 [Thread-1    ] [INFO ]  Iniciando Servidor/Slave Modbus 
2020-11-20 10:43:12,306 [MainThread  ] [INFO ]  Finalizado
2020-11-20 10:43:13,493 [Thread-2    ] [DEBUG]  Q_aflu =   -5.4m≥/s |q_vert =    0.0m≥/s |q_comp =    0.0m≥/s |q_sani =    0.5m≥/s |q_turb =    0.0m≥/s | Volume = 9994.2m≥ | Nv_montante 643.157m
2020-11-20 10:43:14,603 [Thread-2    ] [DEBUG]  Q_aflu =    9.1m≥/s |q_vert =    0.0m≥/s |q_comp =    0.0m≥/s |q_sani =    0.5m≥/s |q_turb =    0.0m≥/s | Volume = 10002.8m≥ | Nv_montante 643.157m
2020-11-20 10:43:15,718 [Thread-2    ] [DEBUG]  Q_aflu =    8.9m≥/s |q_vert =    0.0m≥/s |q_comp =    0.0m≥/s |q_sani =    0.5m≥/s |q_turb =    0.0m≥/s | Volume = 10011.2m≥ | Nv_montante 643.157m
2020-11-20 10:43:16,829 [Thread-2    ] [DEBUG]  Q_aflu =    8.9m≥/s |q_vert =    0.0m≥/s |q_comp =    0.0m≥/s |q_sani =    0.5m≥/s |q_turb =    0.0m≥/s | Volume = 10019.7m≥ | Nv_montante 643.157m
2020-11-20 10:43:17,941 [Thread-2    ] [DEBUG]  Q_aflu =   -5.4m≥/s |q_vert =    0.0m≥/s |q_comp =    0.0m≥/s |q_sani =    0.5m≥/s |q_turb =    0.0m≥/s | Volume = 10013.8m≥ | Nv_montante 643.157m
2020-11-20 10:43:19,050 [Thread-2    ] [DEBUG]  Q_aflu =    8.9m≥/s |q_vert =    0.0m≥/s |q_comp =    0.0m≥/s |q_sani =    0.5m≥/s |q_turb =    0.0m≥/s | Volume = 10022.3m≥ | Nv_montante 643.157m
2020-11-20 10:48:00,922 [Thread-2    ] [DEBUG]  Q_aflu =    8.9m≥/s |q_vert =    0.0m≥/s |q_comp =    0.0m≥/s |q_sani =    0.5m≥/s |q_turb =    0.0m≥/s | Volume = 10030.7m≥ | Nv_montante 643.158m
2020-11-20 10:48:02,033 [Thread-2    ] [DEBUG]  Q_aflu =    8.9m≥/s |q_vert =    0.0m≥/s |q_comp =    0.0m≥/s |q_sani =    0.5m≥/s |q_turb =    0.0m≥/s | Volume = 10039.2m≥ | Nv_montante 643.158m
2020-11-20 10:48:03,143 [Thread-2    ] [DEBUG]  Q_aflu =    9.0m≥/s |q_vert =    0.0m≥/s |q_comp =    0.0m≥/s |q_sani =    0.5m≥/s |q_turb =    0.0m≥/s | Volume = 10047.7m≥ | Nv_montante 643.158m
2020-11-20 10:48:04,256 [Thread-2    ] [DEBUG]  Q_aflu =    9.1m≥/s |q_vert =    0.0m≥/s |q_comp =    0.0m≥/s |q_sani =    0.5m≥/s |q_turb =    0.0m≥/s | Volume = 10056.2m≥ | Nv_montante 643.158m
2020-11-20 10:48:05,367 [Thread-2    ] [DEBUG]  Q_aflu =    8.9m≥/s |q_vert =    0.0m≥/s |q_comp =    0.0m≥/s |q_sani =    0.5m≥/s |q_turb =    0.0m≥/s | Volume = 10064.7m≥ | Nv_montante 643.158m
2020-11-20 10:48:06,746 [Thread-2    ] [DEBUG]  Q_aflu =   -5.4m≥/s |q_vert =    0.0m≥/s |q_comp =    0.0m≥/s |q_sani =    0.5m≥/s |q_turb =    0.0m≥/s | Volume = 10058.8m≥ | Nv_montante 643.158m
2020-11-20 10:48:07,858 [Thread-2    ] [DEBUG]  Q_aflu =    8.9m≥/s |q_vert =    0.0m≥/s |q_comp =    0.0m≥/s |q_sani =    0.5m≥/s |q_turb =    0.0m≥/s | Volume = 10067.2m≥ | Nv_montante 643.158m
=======
2020-11-23 15:06:14,396 [MainThread  ] [INFO ]  Estabelecendo conex√£o com a CLP
2020-11-23 15:06:19,402 [MainThread  ] [ERROR]  Erro na comunica√ß√£o com a CLP, verifique a conex√£o.
2020-11-23 15:06:24,407 [MainThread  ] [INFO ]  Estabelecendo conex√£o com a CLP
2020-11-23 15:06:24,408 [MainThread  ] [INFO ]  Estabelecida conex√£o com a CLP
2020-11-23 15:06:41,513 [MainThread  ] [INFO ]  O usu√°rio interrompeu a aplica√ß√£o via teclado (pressionado ctrl+c?).
2020-11-23 15:06:41,514 [MainThread  ] [INFO ]  Estabelecendo conex√£o com a CLP
2020-11-23 15:06:41,514 [MainThread  ] [INFO ]  Estabelecida conex√£o com a CLP
2020-11-23 15:07:06,147 [MainThread  ] [INFO ]  Estabelecendo conex√£o com a CLP
2020-11-23 15:07:06,150 [MainThread  ] [INFO ]  Estabelecida conex√£o com a CLP
2020-11-23 15:07:06,849 [MainThread  ] [INFO ]  O usu√°rio interrompeu a aplica√ß√£o via teclado (pressionado ctrl+c?).
2020-11-23 15:07:06,849 [MainThread  ] [INFO ]  Estabelecendo conex√£o com a CLP
2020-11-23 15:07:06,851 [MainThread  ] [INFO ]  Estabelecida conex√£o com a CLP
2020-11-23 15:07:18,093 [MainThread  ] [INFO ]  Estabelecendo conex√£o com a CLP
2020-11-23 15:07:18,095 [MainThread  ] [INFO ]  Estabelecida conex√£o com a CLP
2020-11-23 15:07:19,436 [MainThread  ] [INFO ]  O usu√°rio interrompeu a aplica√ß√£o via teclado (pressionado ctrl+c?).
2020-11-23 15:07:32,179 [MainThread  ] [INFO ]  Estabelecendo conex√£o com a CLP
2020-11-23 15:07:32,181 [MainThread  ] [INFO ]  Estabelecida conex√£o com a CLP
2020-11-23 15:07:33,417 [MainThread  ] [INFO ]  O usu√°rio interrompeu a aplica√ß√£o via teclado (pressionado ctrl+c?).
2020-11-23 15:07:33,417 [MainThread  ] [INFO ]  Estabelecendo conex√£o com a CLP
2020-11-23 15:07:33,418 [MainThread  ] [INFO ]  Estabelecida conex√£o com a CLP
2020-11-23 15:08:12,606 [MainThread  ] [INFO ]  Estabelecendo conex√£o com a CLP
2020-11-23 15:08:12,608 [MainThread  ] [INFO ]  Estabelecida conex√£o com a CLP
2020-11-23 15:08:13,514 [MainThread  ] [INFO ]  O usu√°rio interrompeu a aplica√ß√£o via teclado (pressionado ctrl+c?).
2020-11-23 15:08:13,514 [MainThread  ] [INFO ]  Estabelecendo conex√£o com a CLP
2020-11-23 15:08:13,516 [MainThread  ] [INFO ]  Estabelecida conex√£o com a CLP
2020-11-23 15:08:51,189 [MainThread  ] [INFO ]  Estabelecendo conex√£o com a CLP
2020-11-23 15:08:51,191 [MainThread  ] [INFO ]  Estabelecida conex√£o com a CLP
2020-11-23 15:08:52,023 [MainThread  ] [INFO ]  O usu√°rio interrompeu a aplica√ß√£o via teclado (pressionado ctrl+c?).
2020-11-23 15:08:57,028 [MainThread  ] [INFO ]  Estabelecendo conex√£o com a CLP
2020-11-23 15:08:57,028 [MainThread  ] [INFO ]  Estabelecida conex√£o com a CLP
2020-11-23 15:09:29,910 [MainThread  ] [INFO ]  Estabelecendo conex√£o com a CLP
2020-11-23 15:09:29,912 [MainThread  ] [INFO ]  Estabelecida conex√£o com a CLP
2020-11-23 15:09:31,363 [MainThread  ] [INFO ]  O usu√°rio interrompeu a aplica√ß√£o via teclado (pressionado ctrl+c?).
2020-11-23 15:09:31,363 [MainThread  ] [INFO ]  Estabelecendo conex√£o com a CLP
2020-11-23 15:09:31,363 [MainThread  ] [INFO ]  Estabelecida conex√£o com a CLP
2020-11-23 15:09:56,741 [MainThread  ] [INFO ]  Estabelecendo conex√£o com a CLP
2020-11-23 15:09:56,745 [MainThread  ] [INFO ]  Estabelecida conex√£o com a CLP
2020-11-23 15:09:57,750 [MainThread  ] [INFO ]  O usu√°rio interrompeu a aplica√ß√£o via teclado (pressionado ctrl+c?).
>>>>>>> Vers√£o extremamente b√°cisa do MOA
