2023-04-24 18:22:24,191 [MainThread  ] [INFO ] [SIMUL] Iniciando abstraço e GUI.
2023-04-24 18:22:24,191 [MainThread  ] [INFO ] [SIMUL] Iniciando Thread do controlador de tempo da simulação
2023-04-24 18:22:24,192 [MainThread  ] [INFO ] [SIMUL] Instanciando classes da Usina (Ug, Dj52L, Planta)
2023-04-24 18:22:24,192 [MainThread  ] [INFO ] [SIMUL] Iniciando execução.
2023-04-24 18:22:24,204 [Thread-3 (ru] [INFO ] [SIMUL] [DJ] Abrir.
2023-04-24 18:22:24,341 [MainThread  ] [INFO ] [SIMUL] Rodando simulador
2023-04-24 18:29:55,509 [MainThread  ] [INFO ] [SIMUL] Iniciando abstraço e GUI.
2023-04-24 18:29:55,509 [MainThread  ] [INFO ] [SIMUL] Iniciando Thread do controlador de tempo da simulação
2023-04-24 18:29:55,516 [MainThread  ] [INFO ] [SIMUL] Instanciando classes da Usina (Ug, Dj52L, Planta)
2023-04-24 18:29:55,517 [MainThread  ] [INFO ] [SIMUL] Iniciando execução.
2023-04-24 18:29:55,527 [Thread-3 (ru] [INFO ] [SIMUL] [DJ] Abrir.
2023-04-24 18:29:55,580 [MainThread  ] [INFO ] [SIMUL] Rodando simulador
2023-04-24 18:29:57,380 [MainThread  ] [INFO ] [SIMUL] Fim da simulação
2023-04-24 18:30:25,875 [MainThread  ] [INFO ] [SIMUL] Iniciando abstraço e GUI.
2023-04-24 18:30:25,876 [MainThread  ] [INFO ] [SIMUL] Iniciando Thread do controlador de tempo da simulação
2023-04-24 18:30:25,876 [MainThread  ] [INFO ] [SIMUL] Instanciando classes da Usina (Ug, Dj52L, Planta)
2023-04-24 18:30:25,877 [MainThread  ] [INFO ] [SIMUL] Iniciando execução.
2023-04-24 18:30:25,887 [Thread-3 (ru] [INFO ] [SIMUL] [DJ] Abrir.
2023-04-24 18:30:25,929 [MainThread  ] [INFO ] [SIMUL] Rodando simulador
2023-04-24 18:30:27,384 [MainThread  ] [INFO ] [SIMUL] Fim da simulação
2023-04-24 18:31:08,954 [MainThread  ] [INFO ] [SIMUL] Iniciando abstraço e GUI.
2023-04-24 18:31:08,954 [MainThread  ] [INFO ] [SIMUL] Iniciando Thread do controlador de tempo da simulação
2023-04-24 18:31:08,954 [MainThread  ] [INFO ] [SIMUL] Instanciando classes da Usina (Ug, Dj52L, Planta)
2023-04-24 18:31:08,954 [MainThread  ] [INFO ] [SIMUL] Iniciando execução.
2023-04-24 18:31:08,965 [Thread-3 (ru] [INFO ] [SIMUL] [DJ] Abrir.
2023-04-24 18:31:08,999 [MainThread  ] [INFO ] [SIMUL] Rodando simulador
2023-04-24 18:39:20,975 [MainThread  ] [INFO ] [SIMUL] Iniciando abstraço e GUI.
2023-04-24 18:39:20,976 [MainThread  ] [INFO ] [SIMUL] Iniciando Thread do controlador de tempo da simulação
2023-04-24 18:39:20,976 [MainThread  ] [INFO ] [SIMUL] Instanciando classes da Usina (Ug, Dj52L, Planta)
2023-04-24 18:39:20,976 [MainThread  ] [INFO ] [SIMUL] Iniciando execução.
2023-04-24 18:39:20,988 [Thread-3 (ru] [INFO ] [SIMUL] [DJ] Abrir.
2023-04-24 18:39:21,032 [MainThread  ] [INFO ] [SIMUL] Rodando simulador
2023-04-24 18:39:22,290 [MainThread  ] [INFO ] [SIMUL] Fim da simulação
2023-04-24 18:39:55,284 [MainThread  ] [INFO ] [SIMUL] Iniciando abstraço e GUI.
2023-04-24 18:39:55,285 [MainThread  ] [INFO ] [SIMUL] Iniciando Thread do controlador de tempo da simulação
2023-04-24 18:39:55,285 [MainThread  ] [INFO ] [SIMUL] Instanciando classes da Usina (Ug, Dj52L, Planta)
2023-04-24 18:39:55,286 [MainThread  ] [INFO ] [SIMUL] Iniciando execução.
2023-04-24 18:39:55,295 [Thread-3 (ru] [INFO ] [SIMUL] [DJ] Abrir.
2023-04-24 18:39:55,331 [MainThread  ] [INFO ] [SIMUL] Rodando simulador
2023-04-24 18:39:56,639 [MainThread  ] [INFO ] [SIMUL] Fim da simulação
2023-04-24 18:40:22,953 [MainThread  ] [INFO ] [SIMUL] Iniciando abstraço e GUI.
2023-04-24 18:40:22,954 [MainThread  ] [INFO ] [SIMUL] Iniciando Thread do controlador de tempo da simulação
2023-04-24 18:40:22,954 [MainThread  ] [INFO ] [SIMUL] Instanciando classes da Usina (Ug, Dj52L, Planta)
2023-04-24 18:40:22,955 [MainThread  ] [INFO ] [SIMUL] Iniciando execução.
2023-04-24 18:40:22,966 [Thread-3 (ru] [INFO ] [SIMUL] [DJ] Abrir.
2023-04-24 18:40:23,017 [MainThread  ] [INFO ] [SIMUL] Rodando simulador
2023-04-24 18:40:24,273 [MainThread  ] [INFO ] [SIMUL] Fim da simulação
2023-04-24 18:41:56,714 [MainThread  ] [INFO ] [SIMUL] Iniciando abstraço e GUI.
2023-04-24 18:41:56,715 [MainThread  ] [INFO ] [SIMUL] Iniciando Thread do controlador de tempo da simulação
2023-04-24 18:41:56,715 [MainThread  ] [INFO ] [SIMUL] Instanciando classes da Usina (Ug, Dj52L, Planta)
2023-04-24 18:41:56,716 [MainThread  ] [INFO ] [SIMUL] Iniciando execução.
2023-04-24 18:41:56,727 [Thread-3 (ru] [INFO ] [SIMUL] [DJ] Abrir.
2023-04-24 18:41:56,767 [MainThread  ] [INFO ] [SIMUL] Rodando simulador
2023-04-24 18:41:58,631 [MainThread  ] [INFO ] [SIMUL] Fim da simulação
2023-04-24 18:42:32,499 [MainThread  ] [INFO ] [SIMUL] Iniciando abstraço e GUI.
2023-04-24 18:42:32,499 [MainThread  ] [INFO ] [SIMUL] Iniciando Thread do controlador de tempo da simulação
2023-04-24 18:42:32,499 [MainThread  ] [INFO ] [SIMUL] Instanciando classes da Usina (Ug, Dj52L, Planta)
2023-04-24 18:42:32,500 [MainThread  ] [INFO ] [SIMUL] Iniciando execução.
2023-04-24 18:42:32,513 [Thread-3 (ru] [INFO ] [SIMUL] [DJ] Abrir.
2023-04-24 18:42:32,553 [MainThread  ] [INFO ] [SIMUL] Rodando simulador
2023-04-24 18:42:33,848 [MainThread  ] [INFO ] [SIMUL] Fim da simulação
