2023-03-20 13:37:00,044 [INFO ] [OPC-DA] Iniciando tradutor OPC DA.
2023-03-20 13:37:00,044 [INFO ] [OPC-DA] Carregando arquivos de dados ("dados.json").
2023-03-20 13:37:00,044 [INFO ] [OPC-DA] Iniciando servidor de comunicação OPC DA / DNP 3.0
2023-03-20 13:37:00,147 [INFO ] [OPC-DA] Inciando classe de comunicação OPC DA / DNP 3.0
2023-03-20 13:37:00,147 [DEBUG] [OPC-DA] Carregando dados inciais...
2023-03-20 13:37:00,147 [INFO ] [OPC-DA] Carregando arquivos de dados ("dados.json").
2023-03-20 13:37:00,147 [INFO ] [OPC-DA] Iniciando servidor de comunicação OPC DA / DNP 3.0
2023-03-20 13:37:00,177 [INFO ] [OPC-DA] Inciando classe de comunicação OPC DA / DNP 3.0
2023-03-20 13:37:00,177 [DEBUG] [OPC-DA] Carregando dados inciais...
2023-03-20 13:37:00,178 [INFO ] [OPC-DA] Carregando arquivos de dados ("dados.json").
2023-03-20 13:37:00,178 [INFO ] [OPC-DA] Iniciando servidor de comunicação OPC DA / DNP 3.0
2023-03-20 13:37:00,207 [INFO ] [OPC-DA] Inciando classe de comunicação OPC DA / DNP 3.0
2023-03-20 13:37:00,207 [DEBUG] [OPC-DA] Carregando dados inciais...
2023-03-20 13:37:00,207 [INFO ] [OPC-DA] Carregando arquivos de dados ("dados.json").
2023-03-20 13:37:00,207 [INFO ] [OPC-DA] Iniciando servidor de comunicação OPC DA / DNP 3.0
2023-03-20 13:37:00,237 [INFO ] [OPC-DA] Inciando classe de comunicação OPC DA / DNP 3.0
2023-03-20 13:37:00,237 [DEBUG] [OPC-DA] Carregando dados inciais...
2023-03-20 13:37:00,237 [INFO ] [OPC-DA] Inicialização completa, executando processo de conversação OPC DA.
2023-03-20 13:37:00,237 [DEBUG] [OPC-DA] Nova leitura.
2023-03-20 13:37:03,251 [DEBUG] [OPC-DA] Nova leitura.
2023-03-20 13:37:06,253 [DEBUG] [OPC-DA] Nova leitura.
2023-03-20 13:37:09,266 [DEBUG] [OPC-DA] Nova leitura.
2023-03-20 13:37:12,278 [DEBUG] [OPC-DA] Nova leitura.
2023-03-20 13:37:15,280 [DEBUG] [OPC-DA] Nova leitura.
2023-03-20 13:37:18,293 [DEBUG] [OPC-DA] Nova leitura.
2023-03-20 13:37:21,294 [DEBUG] [OPC-DA] Nova leitura.
2023-03-20 13:37:24,309 [DEBUG] [OPC-DA] Nova leitura.
2023-03-20 13:45:09,566 [INFO ] [OPC-DA] Iniciando tradutor OPC DA.
2023-03-20 13:45:09,566 [DEBUG] [OPC-DA] Tentativa -> 1/3
2023-03-20 13:45:09,566 [INFO ] [OPC-DA] Carregando arquivos de dados ("dados.json").
2023-03-20 13:45:09,566 [INFO ] [OPC-DA] Iniciando servidor de comunicação OPC DA / DNP 3.0
2023-03-20 13:45:09,636 [INFO ] [OPC-DA] Inciando classe de comunicação OPC DA / DNP 3.0
2023-03-20 13:45:09,636 [DEBUG] [OPC-DA] Carregando dados inciais...
2023-03-20 13:45:09,636 [INFO ] [OPC-DA] Inicialização completa, executando processo de conversação OPC DA.
2023-03-20 13:45:09,636 [DEBUG] [OPC-DA] Nova leitura.
2023-03-20 13:45:12,649 [DEBUG] [OPC-DA] Nova leitura.
2023-03-20 13:45:15,669 [DEBUG] [OPC-DA] Nova leitura.
2023-03-20 13:45:18,672 [DEBUG] [OPC-DA] Nova leitura.
2023-03-20 13:45:21,686 [DEBUG] [OPC-DA] Nova leitura.
2023-03-20 13:45:24,698 [DEBUG] [OPC-DA] Nova leitura.
2023-03-20 13:45:27,712 [DEBUG] [OPC-DA] Nova leitura.
2023-03-20 13:45:30,726 [DEBUG] [OPC-DA] Nova leitura.
2023-03-20 13:45:33,741 [DEBUG] [OPC-DA] Nova leitura.
2023-03-20 13:45:36,753 [DEBUG] [OPC-DA] Nova leitura.
2023-03-20 13:47:14,595 [INFO ] [OPC-DA] Iniciando tradutor OPC DA.
2023-03-20 13:47:14,596 [DEBUG] [OPC-DA] Tentativa -> 1/3
2023-03-20 13:47:14,596 [INFO ] [OPC-DA] Carregando arquivos de dados ("dados.json").
2023-03-20 13:47:14,596 [INFO ] [OPC-DA] Iniciando servidor de comunicação OPC DA / DNP 3.0
2023-03-20 13:47:14,662 [INFO ] [OPC-DA] Inciando classe de comunicação OPC DA / DNP 3.0
2023-03-20 13:47:14,662 [DEBUG] [OPC-DA] Carregando dados inciais...
2023-03-20 13:47:14,662 [INFO ] [OPC-DA] Inicialização completa, executando processo de conversação OPC DA.
2023-03-20 13:47:14,662 [DEBUG] [OPC-DA] Nova leitura.
2023-03-20 13:47:17,675 [DEBUG] [OPC-DA] Nova leitura.
2023-03-20 13:47:20,720 [DEBUG] [OPC-DA] Nova leitura.
2023-03-20 13:48:16,956 [INFO ] [OPC-DA] Iniciando tradutor OPC DA.
2023-03-20 13:48:16,956 [DEBUG] [OPC-DA] Tentativa -> 1/3
2023-03-20 13:48:16,956 [INFO ] [OPC-DA] Carregando arquivos de dados ("dados.json").
2023-03-20 13:48:16,956 [INFO ] [OPC-DA] Iniciando servidor de comunicação OPC DA / DNP 3.0
2023-03-20 13:48:17,053 [INFO ] [OPC-DA] Inciando classe de comunicação OPC DA / DNP 3.0
2023-03-20 13:48:17,054 [DEBUG] [OPC-DA] Carregando dados inciais...
2023-03-20 13:48:17,054 [INFO ] [OPC-DA] Inicialização completa, executando processo de conversação OPC DA.
2023-03-20 13:48:17,055 [DEBUG] [OPC-DA] Nova leitura.
2023-03-20 13:48:20,068 [DEBUG] [OPC-DA] Nova leitura.
2023-03-20 13:48:23,152 [DEBUG] [OPC-DA] Nova leitura.
2023-03-20 13:48:26,261 [DEBUG] [OPC-DA] Nova leitura.
2023-03-20 13:48:29,275 [DEBUG] [OPC-DA] Nova leitura.
2023-03-20 13:48:32,288 [DEBUG] [OPC-DA] Nova leitura.
2023-03-20 13:48:35,299 [DEBUG] [OPC-DA] Nova leitura.
2023-03-20 13:48:38,316 [DEBUG] [OPC-DA] Nova leitura.
2023-03-20 13:48:41,323 [DEBUG] [OPC-DA] Nova leitura.
2023-03-20 13:48:44,339 [DEBUG] [OPC-DA] Nova leitura.
2023-03-20 13:48:47,350 [DEBUG] [OPC-DA] Nova leitura.
2023-03-20 13:48:50,366 [DEBUG] [OPC-DA] Nova leitura.
2023-03-20 13:48:53,383 [DEBUG] [OPC-DA] Nova leitura.
2023-03-20 13:50:04,777 [INFO ] [OPC-DA] Iniciando tradutor OPC DA.
2023-03-20 13:50:04,777 [DEBUG] [OPC-DA] Tentativa -> 1/3
2023-03-20 13:50:04,777 [INFO ] [OPC-DA] Carregando arquivos de dados ("dados.json").
2023-03-20 13:50:04,778 [INFO ] [OPC-DA] Iniciando servidor de comunicação OPC DA / DNP 3.0
2023-03-20 13:50:04,909 [INFO ] [OPC-DA] Inciando classe de comunicação OPC DA / DNP 3.0
2023-03-20 13:50:04,913 [DEBUG] [OPC-DA] Carregando dados inciais...
2023-03-20 13:50:04,913 [INFO ] [OPC-DA] Inicialização completa, executando processo de conversação OPC DA.
2023-03-20 13:50:04,913 [DEBUG] [OPC-DA] Nova leitura.
2023-03-20 13:50:07,925 [DEBUG] [OPC-DA] Nova leitura.
2023-03-20 13:52:45,590 [INFO ] [OPC-DA] Iniciando tradutor OPC DA.
2023-03-20 13:52:45,590 [DEBUG] [OPC-DA] Tentativa -> 1/3
2023-03-20 13:52:45,590 [INFO ] [OPC-DA] Carregando arquivos de dados ("dados.json").
2023-03-20 13:52:45,592 [INFO ] [OPC-DA] Iniciando servidor de comunicação OPC DA / DNP 3.0
2023-03-20 13:52:45,687 [INFO ] [OPC-DA] Inciando classe de comunicação OPC DA / DNP 3.0
2023-03-20 13:52:45,688 [DEBUG] [OPC-DA] Carregando dados inciais...
2023-03-20 13:52:45,690 [INFO ] [OPC-DA] Inicialização completa, executando processo de conversação OPC DA.
2023-03-20 13:52:45,691 [DEBUG] [OPC-DA] Nova leitura.
2023-03-20 13:52:48,703 [DEBUG] [OPC-DA] Nova leitura.
2023-03-20 13:53:55,966 [INFO ] [OPC-DA] Iniciando tradutor OPC DA.
2023-03-20 13:53:55,966 [DEBUG] [OPC-DA] Tentativa -> 1/3
2023-03-20 13:53:55,968 [INFO ] [OPC-DA] Carregando arquivos de dados ("dados.json").
2023-03-20 13:53:55,970 [INFO ] [OPC-DA] Iniciando servidor de comunicação OPC DA / DNP 3.0
2023-03-20 13:53:56,057 [INFO ] [OPC-DA] Inciando classe de comunicação OPC DA / DNP 3.0
2023-03-20 13:53:56,058 [DEBUG] [OPC-DA] Carregando dados inciais...
2023-03-20 13:53:56,058 [INFO ] [OPC-DA] Inicialização completa, executando processo de conversação OPC DA.
2023-03-20 13:53:56,059 [DEBUG] [OPC-DA] Nova leitura.
