2023-01-06 08:47:55,273 [Thread-3 (run)      ] [INFO ] [dj52L] Abrir.
2023-01-06 08:48:45,065 [Thread-3 (run)      ] [INFO ] [dj52L] Abrir.
2023-01-06 08:50:05,432 [Thread-3 (run)      ] [INFO ] [dj52L] Abrir.
2023-01-06 08:50:12,289 [Thread-3 (run)      ] [INFO ] [dj52L] Reconhece Reset.
2023-01-06 08:50:12,289 [Thread-3 (run)      ] [INFO ] [dj52L] Reconhece Reset.
2023-01-06 08:50:22,896 [Thread-3 (run)      ] [INFO ] [dj52L] Reconhece Reset.
2023-01-06 08:50:22,897 [Thread-3 (run)      ] [INFO ] [dj52L] Reconhece Reset.
2023-01-06 09:11:53,775 [Thread-3 (run)      ] [INFO ] [dj52L] Abrir.
2023-01-06 09:13:15,953 [Thread-3 (run)      ] [INFO ] [dj52L] Abrir.
2023-01-06 09:24:05,769 [Thread-3 (run)      ] [INFO ] [dj52L] Abrir.
2023-01-06 09:24:47,421 [Thread-3 (run)      ] [INFO ] [dj52L] Abrir.
2023-01-06 09:27:01,183 [Thread-3 (run)      ] [INFO ] [dj52L] Abrir.
2023-01-06 09:29:13,799 [Thread-3 (run)      ] [INFO ] [dj52L] Abrir.
2023-01-06 09:30:00,551 [Thread-3 (run)      ] [INFO ] [dj52L] Abrir.
2023-01-06 09:35:04,405 [Thread-3 (run)      ] [INFO ] [dj52L] Abrir.
2023-01-06 09:35:47,188 [Thread-3 (run)      ] [INFO ] [dj52L] Abrir.
2023-01-06 09:36:34,261 [Thread-3 (run)      ] [INFO ] [dj52L] Abrir.
2023-01-06 09:37:15,053 [Thread-3 (run)      ] [INFO ] [dj52L] Abrir.
2023-01-06 09:38:31,267 [Thread-3 (run)      ] [INFO ] [dj52L] Abrir.
2023-01-06 09:39:12,069 [Thread-3 (run)      ] [INFO ] [dj52L] Abrir.
2023-01-06 09:39:47,217 [Thread-3 (run)      ] [INFO ] [dj52L] Abrir.
2023-01-06 10:28:43,469 [Thread-3 (run)      ] [INFO ] [dj52L] Abrir.
2023-01-06 10:30:05,569 [Thread-3 (run)      ] [INFO ] [dj52L] Abrir.
2023-01-06 10:30:20,574 [Thread-6 (<lambda>) ] [DEBUG] Aguardando equalização de pressão da UG.
2023-01-06 10:30:22,671 [Thread-6 (<lambda>) ] [INFO ] A unidade foi equalizada, permissão para abrir comporta ativada!
2023-01-06 10:30:45,679 [Thread-9 (<lambda>) ] [INFO ] As permissões de abertura da comporta 2 ainda não foram ativadas.
2023-01-06 10:30:46,646 [Thread-10 (<lambda>)] [INFO ] A comporta já está fechada.
2023-01-06 10:30:51,403 [Thread-11 (<lambda>)] [DEBUG] Aguardando equalização de pressão da UG.
2023-01-06 10:30:52,145 [Thread-11 (<lambda>)] [INFO ] A unidade foi equalizada, permissão para abrir comporta ativada!
2023-01-06 10:31:05,716 [Thread-3 (run)      ] [INFO ] [dj52L] Reconhece Reset.
2023-01-06 10:31:05,725 [Thread-3 (run)      ] [INFO ] [dj52L] Reconhece Reset.
2023-01-06 10:31:05,747 [Thread-3 (run)      ] [INFO ] [dj52L] Reconhece Reset.
2023-01-06 10:31:05,770 [Thread-3 (run)      ] [INFO ] [dj52L] Reconhece Reset.
2023-01-06 10:31:05,792 [Thread-3 (run)      ] [INFO ] [dj52L] Reconhece Reset.
2023-01-06 10:31:05,808 [Thread-3 (run)      ] [INFO ] [dj52L] Reconhece Reset.
2023-01-06 10:31:05,830 [Thread-3 (run)      ] [INFO ] [dj52L] Reconhece Reset.
2023-01-06 10:31:05,853 [Thread-3 (run)      ] [INFO ] [dj52L] Reconhece Reset.
2023-01-06 10:31:05,875 [Thread-3 (run)      ] [INFO ] [dj52L] Reconhece Reset.
2023-01-06 10:31:05,895 [Thread-3 (run)      ] [INFO ] [dj52L] Reconhece Reset.
2023-01-06 10:31:05,911 [Thread-3 (run)      ] [INFO ] [dj52L] Reconhece Reset.
2023-01-06 10:31:05,929 [Thread-3 (run)      ] [INFO ] [dj52L] Reconhece Reset.
2023-01-06 10:31:05,959 [Thread-3 (run)      ] [INFO ] [dj52L] Reconhece Reset.
2023-01-06 10:31:05,981 [Thread-3 (run)      ] [INFO ] [dj52L] Reconhece Reset.
2023-01-06 10:31:06,003 [Thread-3 (run)      ] [INFO ] [dj52L] Reconhece Reset.
2023-01-06 10:31:06,026 [Thread-3 (run)      ] [INFO ] [dj52L] Reconhece Reset.
2023-01-06 10:31:06,055 [Thread-3 (run)      ] [INFO ] [dj52L] Reconhece Reset.
2023-01-06 10:31:06,082 [Thread-3 (run)      ] [INFO ] [dj52L] Reconhece Reset.
2023-01-06 10:31:06,107 [Thread-3 (run)      ] [INFO ] [dj52L] Reconhece Reset.
2023-01-06 10:31:06,130 [Thread-3 (run)      ] [INFO ] [dj52L] Reconhece Reset.
2023-01-06 10:31:06,156 [Thread-3 (run)      ] [INFO ] [dj52L] Reconhece Reset.
2023-01-06 10:31:06,180 [Thread-3 (run)      ] [INFO ] [dj52L] Reconhece Reset.
2023-01-06 10:31:06,203 [Thread-3 (run)      ] [INFO ] [dj52L] Reconhece Reset.
2023-01-06 10:31:06,225 [Thread-3 (run)      ] [INFO ] [dj52L] Reconhece Reset.
2023-01-06 10:31:06,248 [Thread-3 (run)      ] [INFO ] [dj52L] Reconhece Reset.
2023-01-06 10:31:06,272 [Thread-3 (run)      ] [INFO ] [dj52L] Reconhece Reset.
2023-01-06 10:31:06,295 [Thread-3 (run)      ] [INFO ] [dj52L] Reconhece Reset.
2023-01-06 10:31:06,319 [Thread-3 (run)      ] [INFO ] [dj52L] Reconhece Reset.
2023-01-06 10:31:06,342 [Thread-3 (run)      ] [INFO ] [dj52L] Reconhece Reset.
2023-01-06 10:31:06,364 [Thread-3 (run)      ] [INFO ] [dj52L] Reconhece Reset.
2023-01-06 10:31:06,389 [Thread-3 (run)      ] [INFO ] [dj52L] Reconhece Reset.
2023-01-06 10:31:06,410 [Thread-3 (run)      ] [INFO ] [dj52L] Reconhece Reset.
2023-01-06 10:31:06,433 [Thread-3 (run)      ] [INFO ] [dj52L] Reconhece Reset.
2023-01-06 10:31:06,456 [Thread-3 (run)      ] [INFO ] [dj52L] Reconhece Reset.
2023-01-06 10:31:06,473 [Thread-3 (run)      ] [INFO ] [dj52L] Reconhece Reset.
2023-01-06 10:31:06,495 [Thread-3 (run)      ] [INFO ] [dj52L] Reconhece Reset.
2023-01-06 10:31:06,518 [Thread-3 (run)      ] [INFO ] [dj52L] Reconhece Reset.
2023-01-06 10:31:06,551 [Thread-3 (run)      ] [INFO ] [dj52L] Reconhece Reset.
2023-01-06 10:31:06,573 [Thread-3 (run)      ] [INFO ] [dj52L] Reconhece Reset.
2023-01-06 10:31:06,599 [Thread-3 (run)      ] [INFO ] [dj52L] Reconhece Reset.
2023-01-06 10:31:06,622 [Thread-3 (run)      ] [INFO ] [dj52L] Reconhece Reset.
2023-01-06 10:31:06,645 [Thread-3 (run)      ] [INFO ] [dj52L] Reconhece Reset.
2023-01-06 10:31:06,661 [Thread-3 (run)      ] [INFO ] [dj52L] Reconhece Reset.
2023-01-06 10:31:06,683 [Thread-3 (run)      ] [INFO ] [dj52L] Reconhece Reset.
2023-01-06 10:31:06,707 [Thread-3 (run)      ] [INFO ] [dj52L] Reconhece Reset.
2023-01-06 10:31:06,730 [Thread-3 (run)      ] [INFO ] [dj52L] Reconhece Reset.
2023-01-06 10:31:06,752 [Thread-3 (run)      ] [INFO ] [dj52L] Reconhece Reset.
2023-01-06 10:31:06,775 [Thread-3 (run)      ] [INFO ] [dj52L] Reconhece Reset.
2023-01-06 10:31:06,797 [Thread-3 (run)      ] [INFO ] [dj52L] Reconhece Reset.
2023-01-06 10:31:06,816 [Thread-3 (run)      ] [INFO ] [dj52L] Reconhece Reset.
2023-01-06 10:31:06,832 [Thread-3 (run)      ] [INFO ] [dj52L] Reconhece Reset.
2023-01-06 10:31:06,855 [Thread-3 (run)      ] [INFO ] [dj52L] Reconhece Reset.
2023-01-06 10:31:06,878 [Thread-3 (run)      ] [INFO ] [dj52L] Reconhece Reset.
2023-01-06 10:31:06,900 [Thread-3 (run)      ] [INFO ] [dj52L] Reconhece Reset.
2023-01-06 10:31:06,922 [Thread-3 (run)      ] [INFO ] [dj52L] Reconhece Reset.
2023-01-06 10:31:06,939 [Thread-3 (run)      ] [INFO ] [dj52L] Reconhece Reset.
2023-01-06 10:31:06,981 [Thread-3 (run)      ] [INFO ] [dj52L] Reconhece Reset.
2023-01-06 10:31:07,007 [Thread-3 (run)      ] [INFO ] [dj52L] Reconhece Reset.
2023-01-06 10:31:07,081 [Thread-3 (run)      ] [INFO ] [dj52L] Reconhece Reset.
2023-01-06 10:31:07,109 [Thread-3 (run)      ] [INFO ] [dj52L] Reconhece Reset.
2023-01-06 10:31:07,144 [Thread-3 (run)      ] [INFO ] [dj52L] Reconhece Reset.
2023-01-06 10:31:07,170 [Thread-3 (run)      ] [INFO ] [dj52L] Reconhece Reset.
2023-01-06 10:31:07,242 [Thread-3 (run)      ] [INFO ] [dj52L] Reconhece Reset.
2023-01-06 10:31:07,267 [Thread-3 (run)      ] [INFO ] [dj52L] Reconhece Reset.
2023-01-06 10:31:07,299 [Thread-3 (run)      ] [INFO ] [dj52L] Reconhece Reset.
2023-01-06 10:31:07,317 [Thread-3 (run)      ] [INFO ] [dj52L] Reconhece Reset.
2023-01-06 10:31:07,343 [Thread-3 (run)      ] [INFO ] [dj52L] Reconhece Reset.
2023-01-06 10:31:07,364 [Thread-3 (run)      ] [INFO ] [dj52L] Reconhece Reset.
2023-01-06 10:31:07,388 [Thread-3 (run)      ] [INFO ] [dj52L] Reconhece Reset.
2023-01-06 10:31:07,411 [Thread-3 (run)      ] [INFO ] [dj52L] Reconhece Reset.
2023-01-06 10:31:07,433 [Thread-3 (run)      ] [INFO ] [dj52L] Reconhece Reset.
2023-01-06 10:31:07,465 [Thread-3 (run)      ] [INFO ] [dj52L] Reconhece Reset.
2023-01-06 10:31:07,490 [Thread-3 (run)      ] [INFO ] [dj52L] Reconhece Reset.
2023-01-06 10:31:07,513 [Thread-3 (run)      ] [INFO ] [dj52L] Reconhece Reset.
2023-01-06 10:31:07,537 [Thread-3 (run)      ] [INFO ] [dj52L] Reconhece Reset.
2023-01-06 10:31:07,559 [Thread-3 (run)      ] [INFO ] [dj52L] Reconhece Reset.
2023-01-06 10:31:07,571 [Thread-3 (run)      ] [INFO ] [dj52L] Reconhece Reset.
2023-01-06 10:31:07,593 [Thread-3 (run)      ] [INFO ] [dj52L] Reconhece Reset.
2023-01-06 10:31:07,619 [Thread-3 (run)      ] [INFO ] [dj52L] Reconhece Reset.
2023-01-06 10:31:07,641 [Thread-3 (run)      ] [INFO ] [dj52L] Reconhece Reset.
2023-01-06 10:31:07,664 [Thread-3 (run)      ] [INFO ] [dj52L] Reconhece Reset.
2023-01-06 10:31:07,691 [Thread-3 (run)      ] [INFO ] [dj52L] Reconhece Reset.
2023-01-06 10:31:07,714 [Thread-3 (run)      ] [INFO ] [dj52L] Reconhece Reset.
2023-01-06 10:31:07,738 [Thread-3 (run)      ] [INFO ] [dj52L] Reconhece Reset.
2023-01-06 10:31:07,756 [Thread-3 (run)      ] [INFO ] [dj52L] Reconhece Reset.
2023-01-06 10:31:07,778 [Thread-3 (run)      ] [INFO ] [dj52L] Reconhece Reset.
2023-01-06 10:31:07,803 [Thread-3 (run)      ] [INFO ] [dj52L] Reconhece Reset.
2023-01-06 10:31:07,827 [Thread-3 (run)      ] [INFO ] [dj52L] Reconhece Reset.
2023-01-06 10:31:07,851 [Thread-3 (run)      ] [INFO ] [dj52L] Reconhece Reset.
2023-01-06 10:31:07,869 [Thread-3 (run)      ] [INFO ] [dj52L] Reconhece Reset.
2023-01-06 10:31:07,892 [Thread-3 (run)      ] [INFO ] [dj52L] Reconhece Reset.
2023-01-06 10:31:07,912 [Thread-3 (run)      ] [INFO ] [dj52L] Reconhece Reset.
2023-01-06 10:31:07,937 [Thread-3 (run)      ] [INFO ] [dj52L] Reconhece Reset.
2023-01-06 10:31:07,956 [Thread-3 (run)      ] [INFO ] [dj52L] Reconhece Reset.
2023-01-06 10:31:07,977 [Thread-3 (run)      ] [INFO ] [dj52L] Reconhece Reset.
2023-01-06 10:31:08,001 [Thread-3 (run)      ] [INFO ] [dj52L] Reconhece Reset.
2023-01-06 10:31:08,020 [Thread-3 (run)      ] [INFO ] [dj52L] Reconhece Reset.
2023-01-06 10:31:08,042 [Thread-3 (run)      ] [INFO ] [dj52L] Reconhece Reset.
2023-01-06 10:31:08,067 [Thread-3 (run)      ] [INFO ] [dj52L] Reconhece Reset.
2023-01-06 10:31:08,090 [Thread-3 (run)      ] [INFO ] [dj52L] Reconhece Reset.
2023-01-06 10:31:08,112 [Thread-3 (run)      ] [INFO ] [dj52L] Reconhece Reset.
2023-01-06 10:31:08,138 [Thread-3 (run)      ] [INFO ] [dj52L] Reconhece Reset.
2023-01-06 10:31:08,159 [Thread-3 (run)      ] [INFO ] [dj52L] Reconhece Reset.
2023-01-06 10:31:08,183 [Thread-3 (run)      ] [INFO ] [dj52L] Reconhece Reset.
2023-01-06 10:31:08,206 [Thread-3 (run)      ] [INFO ] [dj52L] Reconhece Reset.
2023-01-06 10:31:08,223 [Thread-3 (run)      ] [INFO ] [dj52L] Reconhece Reset.
2023-01-06 10:31:08,245 [Thread-3 (run)      ] [INFO ] [dj52L] Reconhece Reset.
2023-01-06 10:31:08,268 [Thread-3 (run)      ] [INFO ] [dj52L] Reconhece Reset.
2023-01-06 10:31:08,290 [Thread-3 (run)      ] [INFO ] [dj52L] Reconhece Reset.
2023-01-06 10:31:08,307 [Thread-3 (run)      ] [INFO ] [dj52L] Reconhece Reset.
2023-01-06 10:31:08,324 [Thread-3 (run)      ] [INFO ] [dj52L] Reconhece Reset.
2023-01-06 10:31:08,346 [Thread-3 (run)      ] [INFO ] [dj52L] Reconhece Reset.
2023-01-06 10:31:08,371 [Thread-3 (run)      ] [INFO ] [dj52L] Reconhece Reset.
2023-01-06 10:31:08,394 [Thread-3 (run)      ] [INFO ] [dj52L] Reconhece Reset.
2023-01-06 10:31:08,425 [Thread-3 (run)      ] [INFO ] [dj52L] Reconhece Reset.
2023-01-06 10:31:08,447 [Thread-3 (run)      ] [INFO ] [dj52L] Reconhece Reset.
2023-01-06 10:31:08,470 [Thread-3 (run)      ] [INFO ] [dj52L] Reconhece Reset.
2023-01-06 10:31:08,489 [Thread-3 (run)      ] [INFO ] [dj52L] Reconhece Reset.
2023-01-06 10:31:08,510 [Thread-3 (run)      ] [INFO ] [dj52L] Reconhece Reset.
2023-01-06 10:31:08,528 [Thread-3 (run)      ] [INFO ] [dj52L] Reconhece Reset.
2023-01-06 10:31:08,544 [Thread-3 (run)      ] [INFO ] [dj52L] Reconhece Reset.
2023-01-06 10:31:08,571 [Thread-3 (run)      ] [INFO ] [dj52L] Reconhece Reset.
2023-01-06 10:31:08,596 [Thread-3 (run)      ] [INFO ] [dj52L] Reconhece Reset.
2023-01-06 10:31:08,620 [Thread-3 (run)      ] [INFO ] [dj52L] Reconhece Reset.
2023-01-06 10:31:08,645 [Thread-3 (run)      ] [INFO ] [dj52L] Reconhece Reset.
2023-01-06 10:31:08,668 [Thread-3 (run)      ] [INFO ] [dj52L] Reconhece Reset.
2023-01-06 10:31:08,692 [Thread-3 (run)      ] [INFO ] [dj52L] Reconhece Reset.
2023-01-06 10:31:08,709 [Thread-3 (run)      ] [INFO ] [dj52L] Reconhece Reset.
2023-01-06 10:31:08,725 [Thread-3 (run)      ] [INFO ] [dj52L] Reconhece Reset.
2023-01-06 10:31:08,748 [Thread-3 (run)      ] [INFO ] [dj52L] Reconhece Reset.
2023-01-06 10:31:08,769 [Thread-3 (run)      ] [INFO ] [dj52L] Reconhece Reset.
2023-01-06 10:31:08,792 [Thread-3 (run)      ] [INFO ] [dj52L] Reconhece Reset.
2023-01-06 10:31:08,814 [Thread-3 (run)      ] [INFO ] [dj52L] Reconhece Reset.
2023-01-06 10:31:08,837 [Thread-3 (run)      ] [INFO ] [dj52L] Reconhece Reset.
2023-01-06 10:31:08,862 [Thread-3 (run)      ] [INFO ] [dj52L] Reconhece Reset.
2023-01-06 10:31:08,891 [Thread-3 (run)      ] [INFO ] [dj52L] Reconhece Reset.
2023-01-06 10:31:08,913 [Thread-3 (run)      ] [INFO ] [dj52L] Reconhece Reset.
2023-01-06 10:31:08,936 [Thread-3 (run)      ] [INFO ] [dj52L] Reconhece Reset.
2023-01-06 10:31:08,954 [Thread-3 (run)      ] [INFO ] [dj52L] Reconhece Reset.
2023-01-06 10:31:08,979 [Thread-3 (run)      ] [INFO ] [dj52L] Reconhece Reset.
2023-01-06 10:31:09,019 [Thread-3 (run)      ] [INFO ] [dj52L] Reconhece Reset.
2023-01-06 10:31:09,041 [Thread-3 (run)      ] [INFO ] [dj52L] Reconhece Reset.
2023-01-06 10:31:09,064 [Thread-3 (run)      ] [INFO ] [dj52L] Reconhece Reset.
2023-01-06 10:31:09,088 [Thread-3 (run)      ] [INFO ] [dj52L] Reconhece Reset.
2023-01-06 10:31:09,109 [Thread-3 (run)      ] [INFO ] [dj52L] Reconhece Reset.
2023-01-06 10:31:09,126 [Thread-3 (run)      ] [INFO ] [dj52L] Reconhece Reset.
2023-01-06 10:31:09,148 [Thread-3 (run)      ] [INFO ] [dj52L] Reconhece Reset.
2023-01-06 10:31:09,172 [Thread-3 (run)      ] [INFO ] [dj52L] Reconhece Reset.
2023-01-06 10:31:09,195 [Thread-3 (run)      ] [INFO ] [dj52L] Reconhece Reset.
2023-01-06 10:31:09,218 [Thread-3 (run)      ] [INFO ] [dj52L] Reconhece Reset.
2023-01-06 10:31:09,241 [Thread-3 (run)      ] [INFO ] [dj52L] Reconhece Reset.
2023-01-06 10:31:09,262 [Thread-3 (run)      ] [INFO ] [dj52L] Reconhece Reset.
2023-01-06 10:31:09,285 [Thread-3 (run)      ] [INFO ] [dj52L] Reconhece Reset.
2023-01-06 10:31:09,308 [Thread-3 (run)      ] [INFO ] [dj52L] Reconhece Reset.
2023-01-06 10:31:09,333 [Thread-3 (run)      ] [INFO ] [dj52L] Reconhece Reset.
2023-01-06 10:31:09,357 [Thread-3 (run)      ] [INFO ] [dj52L] Reconhece Reset.
2023-01-06 10:31:09,380 [Thread-3 (run)      ] [INFO ] [dj52L] Reconhece Reset.
2023-01-06 10:31:09,403 [Thread-3 (run)      ] [INFO ] [dj52L] Reconhece Reset.
2023-01-06 10:31:09,425 [Thread-3 (run)      ] [INFO ] [dj52L] Reconhece Reset.
2023-01-06 10:31:09,448 [Thread-3 (run)      ] [INFO ] [dj52L] Reconhece Reset.
2023-01-06 10:31:09,470 [Thread-3 (run)      ] [INFO ] [dj52L] Reconhece Reset.
2023-01-06 10:31:09,493 [Thread-3 (run)      ] [INFO ] [dj52L] Reconhece Reset.
2023-01-06 10:31:09,509 [Thread-3 (run)      ] [INFO ] [dj52L] Reconhece Reset.
2023-01-06 10:31:09,532 [Thread-3 (run)      ] [INFO ] [dj52L] Reconhece Reset.
2023-01-06 10:31:09,551 [Thread-3 (run)      ] [INFO ] [dj52L] Reconhece Reset.
2023-01-06 10:31:09,568 [Thread-3 (run)      ] [INFO ] [dj52L] Reconhece Reset.
2023-01-06 10:31:09,585 [Thread-3 (run)      ] [INFO ] [dj52L] Reconhece Reset.
2023-01-06 10:31:09,603 [Thread-3 (run)      ] [INFO ] [dj52L] Reconhece Reset.
2023-01-06 10:31:09,625 [Thread-3 (run)      ] [INFO ] [dj52L] Reconhece Reset.
2023-01-06 10:31:09,641 [Thread-3 (run)      ] [INFO ] [dj52L] Reconhece Reset.
2023-01-06 10:31:09,663 [Thread-3 (run)      ] [INFO ] [dj52L] Reconhece Reset.
2023-01-06 10:31:09,680 [Thread-3 (run)      ] [INFO ] [dj52L] Reconhece Reset.
2023-01-06 10:31:09,703 [Thread-3 (run)      ] [INFO ] [dj52L] Reconhece Reset.
2023-01-06 10:31:09,721 [Thread-3 (run)      ] [INFO ] [dj52L] Reconhece Reset.
2023-01-06 10:31:09,748 [Thread-3 (run)      ] [INFO ] [dj52L] Reconhece Reset.
2023-01-06 10:31:09,767 [Thread-3 (run)      ] [INFO ] [dj52L] Reconhece Reset.
2023-01-06 10:31:09,796 [Thread-3 (run)      ] [INFO ] [dj52L] Reconhece Reset.
2023-01-06 10:31:09,813 [Thread-3 (run)      ] [INFO ] [dj52L] Reconhece Reset.
2023-01-06 10:31:09,836 [Thread-3 (run)      ] [INFO ] [dj52L] Reconhece Reset.
2023-01-06 10:31:09,853 [Thread-3 (run)      ] [INFO ] [dj52L] Reconhece Reset.
2023-01-06 10:31:09,872 [Thread-3 (run)      ] [INFO ] [dj52L] Reconhece Reset.
2023-01-06 10:31:09,901 [Thread-3 (run)      ] [INFO ] [dj52L] Reconhece Reset.
2023-01-06 10:31:09,918 [Thread-3 (run)      ] [INFO ] [dj52L] Reconhece Reset.
2023-01-06 10:31:09,936 [Thread-3 (run)      ] [INFO ] [dj52L] Reconhece Reset.
2023-01-06 10:31:09,955 [Thread-3 (run)      ] [INFO ] [dj52L] Reconhece Reset.
2023-01-06 10:31:09,978 [Thread-3 (run)      ] [INFO ] [dj52L] Reconhece Reset.
2023-01-06 10:31:10,008 [Thread-3 (run)      ] [INFO ] [dj52L] Reconhece Reset.
2023-01-06 10:31:10,023 [Thread-3 (run)      ] [INFO ] [dj52L] Reconhece Reset.
2023-01-06 10:31:10,046 [Thread-3 (run)      ] [INFO ] [dj52L] Reconhece Reset.
2023-01-06 10:31:10,063 [Thread-3 (run)      ] [INFO ] [dj52L] Reconhece Reset.
2023-01-06 10:31:10,079 [Thread-3 (run)      ] [INFO ] [dj52L] Reconhece Reset.
2023-01-06 10:31:10,096 [Thread-3 (run)      ] [INFO ] [dj52L] Reconhece Reset.
2023-01-06 10:31:10,112 [Thread-3 (run)      ] [INFO ] [dj52L] Reconhece Reset.
2023-01-06 10:31:10,134 [Thread-3 (run)      ] [INFO ] [dj52L] Reconhece Reset.
2023-01-06 10:31:10,150 [Thread-3 (run)      ] [INFO ] [dj52L] Reconhece Reset.
2023-01-06 10:31:10,174 [Thread-3 (run)      ] [INFO ] [dj52L] Reconhece Reset.
2023-01-06 10:31:10,197 [Thread-3 (run)      ] [INFO ] [dj52L] Reconhece Reset.
2023-01-06 10:31:10,213 [Thread-3 (run)      ] [INFO ] [dj52L] Reconhece Reset.
2023-01-06 10:31:10,234 [Thread-3 (run)      ] [INFO ] [dj52L] Reconhece Reset.
2023-01-06 10:31:10,257 [Thread-3 (run)      ] [INFO ] [dj52L] Reconhece Reset.
2023-01-06 10:54:00,189 [Thread-3 (run)      ] [INFO ] [dj52L] Abrir.
2023-01-06 12:52:52,677 [Thread-3 (run)      ] [INFO ] [dj52L] Abrir.
2023-01-06 12:54:34,494 [Thread-3 (run)      ] [INFO ] [dj52L] Abrir.
2023-01-24 15:17:44,902 [Thread-3 (run)      ] [INFO ] [dj52L] Abrir.
2023-01-24 16:46:16,181 [Thread-3 (run)      ] [INFO ] [dj52L] Abrir.
2023-01-24 16:47:56,031 [Thread-3 (run)      ] [INFO ] [dj52L] Abrir.
2023-01-24 16:48:24,330 [Thread-3 (run)      ] [INFO ] [dj52L] Abrir.
